<?xml version="1.0" encoding="UTF-8"?>
<!-- Generated by org.testng.reporters.JUnitReportReporter -->
<testsuite hostname="NANI" failures="0" tests="3" name="com.SeleniumGrid.ParallelTestOnGrid" time="89.802" errors="0" timestamp="2024-10-04T10:39:25 IST" skipped="0">
  <testcase classname="com.SeleniumGrid.ParallelTestOnGrid" name="testParallel" time="28.183"/>
  <system-out/>
  <testcase classname="com.SeleniumGrid.ParallelTestOnGrid" name="testParallel" time="30.545"/>
  <system-out/>
  <testcase classname="com.SeleniumGrid.ParallelTestOnGrid" name="testParallel" time="31.074"/>
  <system-out/>
</testsuite> <!-- com.SeleniumGrid.ParallelTestOnGrid -->
