<?xml version="1.0" encoding="UTF-8"?>
<!-- Generated by org.testng.reporters.JUnitReportReporter -->
<testsuite hostname="NANI" failures="0" tests="3" name="com.SeleniumGrid.ParallelTestOnGrid" time="119.681" errors="0" timestamp="2024-10-06T22:42:16 IST" skipped="0">
  <testcase classname="com.SeleniumGrid.ParallelTestOnGrid" name="testParallel" time="37.845"/>
  <system-out/>
  <testcase classname="com.SeleniumGrid.ParallelTestOnGrid" name="testParallel" time="41.259"/>
  <system-out/>
  <testcase classname="com.SeleniumGrid.ParallelTestOnGrid" name="testParallel" time="40.577"/>
  <system-out/>
</testsuite> <!-- com.SeleniumGrid.ParallelTestOnGrid -->
