<?xml version="1.0" encoding="UTF-8"?>
<!-- Generated by org.testng.reporters.JUnitReportReporter -->
<testsuite hostname="NANI" failures="0" tests="1" name="com.SeleniumGrid.FirstGridTest" time="22.861" errors="0" timestamp="2024-10-03T21:34:04 IST" skipped="0">
  <testcase classname="com.SeleniumGrid.FirstGridTest" name="testOnRemoteChrome" time="22.861"/>
  <system-out/>
</testsuite> <!-- com.SeleniumGrid.FirstGridTest -->
