<?xml version="1.0" encoding="UTF-8"?>
<!-- Generated by org.testng.reporters.JUnitReportReporter -->
<testsuite hostname="NANI" failures="0" tests="1" name="com.SeleniumGrid.FirstGridTest" time="23.281" errors="0" timestamp="2024-10-06T22:18:27 IST" skipped="0">
  <testcase classname="com.SeleniumGrid.FirstGridTest" name="testOnRemoteChrome" time="23.281"/>
</testsuite> <!-- com.SeleniumGrid.FirstGridTest -->
